2022-04-19 15:39:35,192 INFO:	Reading taxon information from /app/data/microfetch.csv
2022-04-19 15:39:35,193 DEBUG:	Checking header integrity of /app/data/microfetch.csv
2022-04-19 15:39:35,194 DEBUG:	Headers: taxon_id, last_checked, last_run_status, needs_attention, stage, stage_name, priority, generated_warning, checkpoint_time
2022-04-19 15:39:35,196 DEBUG:	Headers okay. Loading content.
2022-04-19 15:39:35,215 INFO:	Processing taxon id 570: Fetch accession CSV
2022-04-19 15:40:27,208 DEBUG:	Stopping due to --once flag.
2022-04-19 15:42:54,096 INFO:	Reading taxon information from /app/data/microfetch.csv
2022-04-19 15:42:54,097 DEBUG:	Checking header integrity of /app/data/microfetch.csv
2022-04-19 15:42:54,098 DEBUG:	Headers: taxon_id, last_checked, last_run_status, needs_attention, stage, stage_name, priority, generated_warning, checkpoint_time
2022-04-19 15:42:54,099 DEBUG:	Headers okay. Loading content.
2022-04-19 15:42:54,117 INFO:	Processing taxon id 570: Filter accession numbers
2022-04-19 15:42:54,127 DEBUG:	Stopping due to --once flag.
2022-04-19 15:42:56,432 INFO:	Reading taxon information from /app/data/microfetch.csv
2022-04-19 15:42:56,432 DEBUG:	Checking header integrity of /app/data/microfetch.csv
2022-04-19 15:42:56,433 DEBUG:	Headers: taxon_id, last_checked, last_run_status, needs_attention, stage, stage_name, priority, generated_warning, checkpoint_time
2022-04-19 15:42:56,435 DEBUG:	Headers okay. Loading content.
2022-04-19 15:42:56,454 INFO:	Processing taxon id 570: Create droplet farm
2022-04-19 15:42:56,467 DEBUG:	Stopping due to --once flag.
2022-04-19 15:42:58,024 INFO:	Reading taxon information from /app/data/microfetch.csv
2022-04-19 15:42:58,024 DEBUG:	Checking header integrity of /app/data/microfetch.csv
2022-04-19 15:42:58,026 DEBUG:	Headers: taxon_id, last_checked, last_run_status, needs_attention, stage, stage_name, priority, generated_warning, checkpoint_time
2022-04-19 15:42:58,027 DEBUG:	Headers okay. Loading content.
2022-04-19 15:42:58,046 INFO:	Processing taxon id 570: Fetch accession CSV
2022-04-19 15:43:42,611 DEBUG:	Stopping due to --once flag.
2022-04-19 15:44:45,758 INFO:	Reading taxon information from /app/data/microfetch.csv
2022-04-19 15:44:45,759 DEBUG:	Checking header integrity of /app/data/microfetch.csv
2022-04-19 15:44:45,760 DEBUG:	Headers: taxon_id, last_checked, last_run_status, needs_attention, stage, stage_name, priority, generated_warning, checkpoint_time
2022-04-19 15:44:45,761 DEBUG:	Headers okay. Loading content.
2022-04-19 15:44:45,778 INFO:	Processing taxon id 570: Filter accession numbers
2022-04-19 15:44:45,791 DEBUG:	Stopping due to --once flag.
2022-04-19 15:44:48,458 INFO:	Reading taxon information from /app/data/microfetch.csv
2022-04-19 15:44:48,459 DEBUG:	Checking header integrity of /app/data/microfetch.csv
2022-04-19 15:44:48,460 DEBUG:	Headers: taxon_id, last_checked, last_run_status, needs_attention, stage, stage_name, priority, generated_warning, checkpoint_time
2022-04-19 15:44:48,461 DEBUG:	Headers okay. Loading content.
2022-04-19 15:44:48,487 INFO:	Processing taxon id 570: Create droplet farm
2022-04-19 15:44:48,502 DEBUG:	Stopping due to --once flag.
2022-04-19 15:44:50,715 INFO:	Reading taxon information from /app/data/microfetch.csv
2022-04-19 15:44:50,716 DEBUG:	Checking header integrity of /app/data/microfetch.csv
2022-04-19 15:44:50,717 DEBUG:	Headers: taxon_id, last_checked, last_run_status, needs_attention, stage, stage_name, priority, generated_warning, checkpoint_time
2022-04-19 15:44:50,718 DEBUG:	Headers okay. Loading content.
2022-04-19 15:44:50,740 INFO:	Processing taxon id 570: Fetch accession CSV
2022-04-19 15:45:35,388 DEBUG:	Stopping due to --once flag.
2022-04-19 15:46:00,341 INFO:	Reading taxon information from /app/data/microfetch.csv
2022-04-19 15:46:00,341 DEBUG:	Checking header integrity of /app/data/microfetch.csv
2022-04-19 15:46:00,342 DEBUG:	Headers: taxon_id, last_checked, last_run_status, needs_attention, stage, stage_name, priority, generated_warning, checkpoint_time
2022-04-19 15:46:00,344 DEBUG:	Headers okay. Loading content.
2022-04-19 15:46:00,360 INFO:	Processing taxon id 570: Filter accession numbers
2022-04-19 15:46:00,372 DEBUG:	Sleeping for 0.0s.
2022-04-19 15:46:00,376 INFO:	Reading taxon information from /app/data/microfetch.csv
2022-04-19 15:46:00,376 DEBUG:	Checking header integrity of /app/data/microfetch.csv
2022-04-19 15:46:00,378 DEBUG:	Headers: taxon_id, last_checked, last_run_status, needs_attention, stage, stage_name, priority, generated_warning, checkpoint_time
2022-04-19 15:46:00,379 DEBUG:	Headers okay. Loading content.
2022-04-19 15:46:00,390 INFO:	Processing taxon id 570: Create droplet farm
2022-04-19 15:46:00,405 DEBUG:	Sleeping for 0.0s.
2022-04-19 15:46:00,409 INFO:	Reading taxon information from /app/data/microfetch.csv
2022-04-19 15:46:00,409 DEBUG:	Checking header integrity of /app/data/microfetch.csv
2022-04-19 15:46:00,410 DEBUG:	Headers: taxon_id, last_checked, last_run_status, needs_attention, stage, stage_name, priority, generated_warning, checkpoint_time
2022-04-19 15:46:00,412 DEBUG:	Headers okay. Loading content.
2022-04-19 15:46:00,425 INFO:	Processing taxon id 570: Fetch accession CSV
2022-04-19 15:46:52,242 DEBUG:	Sleeping for 0.0s.
2022-04-19 15:46:52,249 INFO:	Reading taxon information from /app/data/microfetch.csv
2022-04-19 15:46:52,250 DEBUG:	Checking header integrity of /app/data/microfetch.csv
2022-04-19 15:46:52,251 DEBUG:	Headers: taxon_id, last_checked, last_run_status, needs_attention, stage, stage_name, priority, generated_warning, checkpoint_time
2022-04-19 15:46:52,252 DEBUG:	Headers okay. Loading content.
2022-04-19 15:46:52,268 INFO:	Processing taxon id 570: Filter accession numbers
2022-04-19 15:46:52,285 DEBUG:	Sleeping for 0.0s.
2022-04-19 15:46:52,295 INFO:	Reading taxon information from /app/data/microfetch.csv
2022-04-19 15:46:52,296 DEBUG:	Checking header integrity of /app/data/microfetch.csv
2022-04-19 15:46:52,297 DEBUG:	Headers: taxon_id, last_checked, last_run_status, needs_attention, stage, stage_name, priority, generated_warning, checkpoint_time
2022-04-19 15:46:52,299 DEBUG:	Headers okay. Loading content.
2022-04-19 15:46:52,315 INFO:	Processing taxon id 570: Create droplet farm
2022-04-19 15:46:52,332 DEBUG:	Sleeping for 0.0s.
2022-04-19 15:46:52,341 INFO:	Reading taxon information from /app/data/microfetch.csv
2022-04-19 15:46:52,342 DEBUG:	Checking header integrity of /app/data/microfetch.csv
2022-04-19 15:46:52,343 DEBUG:	Headers: taxon_id, last_checked, last_run_status, needs_attention, stage, stage_name, priority, generated_warning, checkpoint_time
2022-04-19 15:46:52,344 DEBUG:	Headers okay. Loading content.
2022-04-19 15:46:52,360 INFO:	Processing taxon id 570: Fetch accession CSV
2022-04-19 15:47:34,343 DEBUG:	Sleeping for 0.0s.
2022-04-19 15:47:34,349 INFO:	Reading taxon information from /app/data/microfetch.csv
2022-04-19 15:47:34,350 DEBUG:	Checking header integrity of /app/data/microfetch.csv
2022-04-19 15:47:34,351 DEBUG:	Headers: taxon_id, last_checked, last_run_status, needs_attention, stage, stage_name, priority, generated_warning, checkpoint_time
2022-04-19 15:47:34,352 DEBUG:	Headers okay. Loading content.
2022-04-19 15:47:34,365 INFO:	Processing taxon id 570: Filter accession numbers
2022-04-19 15:47:34,382 DEBUG:	Sleeping for 0.0s.
2022-04-19 15:47:34,390 INFO:	Reading taxon information from /app/data/microfetch.csv
2022-04-19 15:47:34,390 DEBUG:	Checking header integrity of /app/data/microfetch.csv
2022-04-19 15:47:34,391 DEBUG:	Headers: taxon_id, last_checked, last_run_status, needs_attention, stage, stage_name, priority, generated_warning, checkpoint_time
2022-04-19 15:47:34,392 DEBUG:	Headers okay. Loading content.
2022-04-19 15:47:34,406 INFO:	Processing taxon id 570: Create droplet farm
2022-04-19 15:47:34,422 DEBUG:	Sleeping for 0.0s.
2022-04-19 15:47:34,430 INFO:	Reading taxon information from /app/data/microfetch.csv
2022-04-19 15:47:34,431 DEBUG:	Checking header integrity of /app/data/microfetch.csv
2022-04-19 15:47:34,433 DEBUG:	Headers: taxon_id, last_checked, last_run_status, needs_attention, stage, stage_name, priority, generated_warning, checkpoint_time
2022-04-19 15:47:34,434 DEBUG:	Headers okay. Loading content.
2022-04-19 15:47:34,444 INFO:	Processing taxon id 570: Fetch accession CSV
2022-04-19 15:48:21,342 DEBUG:	Sleeping for 0.0s.
2022-04-19 15:48:21,348 INFO:	Reading taxon information from /app/data/microfetch.csv
2022-04-19 15:48:21,348 DEBUG:	Checking header integrity of /app/data/microfetch.csv
2022-04-19 15:48:21,350 DEBUG:	Headers: taxon_id, last_checked, last_run_status, needs_attention, stage, stage_name, priority, generated_warning, checkpoint_time
2022-04-19 15:48:21,351 DEBUG:	Headers okay. Loading content.
2022-04-19 15:48:21,366 INFO:	Processing taxon id 570: Filter accession numbers
2022-04-19 15:48:21,383 DEBUG:	Sleeping for 0.0s.
2022-04-19 15:48:21,389 INFO:	Reading taxon information from /app/data/microfetch.csv
2022-04-19 15:48:21,390 DEBUG:	Checking header integrity of /app/data/microfetch.csv
2022-04-19 15:48:21,390 DEBUG:	Headers: taxon_id, last_checked, last_run_status, needs_attention, stage, stage_name, priority, generated_warning, checkpoint_time
2022-04-19 15:48:21,392 DEBUG:	Headers okay. Loading content.
2022-04-19 15:48:21,408 INFO:	Processing taxon id 570: Create droplet farm
2022-04-19 15:48:21,424 DEBUG:	Sleeping for 0.0s.
2022-04-19 15:48:21,432 INFO:	Reading taxon information from /app/data/microfetch.csv
2022-04-19 15:48:21,433 DEBUG:	Checking header integrity of /app/data/microfetch.csv
2022-04-19 15:48:21,434 DEBUG:	Headers: taxon_id, last_checked, last_run_status, needs_attention, stage, stage_name, priority, generated_warning, checkpoint_time
2022-04-19 15:48:21,436 DEBUG:	Headers okay. Loading content.
2022-04-19 15:48:21,448 INFO:	Processing taxon id 570: Fetch accession CSV
2022-04-19 15:49:07,491 DEBUG:	Sleeping for 0.0s.
2022-04-19 15:49:07,495 INFO:	Reading taxon information from /app/data/microfetch.csv
2022-04-19 15:49:07,495 DEBUG:	Checking header integrity of /app/data/microfetch.csv
2022-04-19 15:49:07,497 DEBUG:	Headers: taxon_id, last_checked, last_run_status, needs_attention, stage, stage_name, priority, generated_warning, checkpoint_time
2022-04-19 15:49:07,498 DEBUG:	Headers okay. Loading content.
2022-04-19 15:49:07,512 INFO:	Processing taxon id 570: Filter accession numbers
2022-04-19 15:49:07,525 DEBUG:	Sleeping for 0.0s.
2022-04-19 15:49:07,529 INFO:	Reading taxon information from /app/data/microfetch.csv
2022-04-19 15:49:07,530 DEBUG:	Checking header integrity of /app/data/microfetch.csv
2022-04-19 15:49:07,531 DEBUG:	Headers: taxon_id, last_checked, last_run_status, needs_attention, stage, stage_name, priority, generated_warning, checkpoint_time
2022-04-19 15:49:07,534 DEBUG:	Headers okay. Loading content.
2022-04-19 15:49:07,548 INFO:	Processing taxon id 570: Create droplet farm
2022-04-19 15:49:07,563 DEBUG:	Sleeping for 0.0s.
2022-04-19 15:49:07,569 INFO:	Reading taxon information from /app/data/microfetch.csv
2022-04-19 15:49:07,569 DEBUG:	Checking header integrity of /app/data/microfetch.csv
2022-04-19 15:49:07,570 DEBUG:	Headers: taxon_id, last_checked, last_run_status, needs_attention, stage, stage_name, priority, generated_warning, checkpoint_time
2022-04-19 15:49:07,571 DEBUG:	Headers okay. Loading content.
2022-04-19 15:49:07,583 INFO:	Processing taxon id 570: Fetch accession CSV
2022-04-19 15:49:49,791 DEBUG:	Sleeping for 0.0s.
2022-04-19 15:49:49,795 INFO:	Reading taxon information from /app/data/microfetch.csv
2022-04-19 15:49:49,796 DEBUG:	Checking header integrity of /app/data/microfetch.csv
2022-04-19 15:49:49,797 DEBUG:	Headers: taxon_id, last_checked, last_run_status, needs_attention, stage, stage_name, priority, generated_warning, checkpoint_time
2022-04-19 15:49:49,798 DEBUG:	Headers okay. Loading content.
2022-04-19 15:49:49,812 INFO:	Processing taxon id 570: Filter accession numbers
2022-04-19 15:49:49,827 DEBUG:	Sleeping for 0.0s.
2022-04-19 15:49:49,831 INFO:	Reading taxon information from /app/data/microfetch.csv
2022-04-19 15:49:49,831 DEBUG:	Checking header integrity of /app/data/microfetch.csv
2022-04-19 15:49:49,832 DEBUG:	Headers: taxon_id, last_checked, last_run_status, needs_attention, stage, stage_name, priority, generated_warning, checkpoint_time
2022-04-19 15:49:49,834 DEBUG:	Headers okay. Loading content.
2022-04-19 15:49:49,846 INFO:	Processing taxon id 570: Create droplet farm
2022-04-19 15:49:49,860 DEBUG:	Sleeping for 0.0s.
2022-04-19 15:49:49,866 INFO:	Reading taxon information from /app/data/microfetch.csv
2022-04-19 15:49:49,867 DEBUG:	Checking header integrity of /app/data/microfetch.csv
2022-04-19 15:49:49,868 DEBUG:	Headers: taxon_id, last_checked, last_run_status, needs_attention, stage, stage_name, priority, generated_warning, checkpoint_time
2022-04-19 15:49:49,869 DEBUG:	Headers okay. Loading content.
2022-04-19 15:49:49,884 INFO:	Processing taxon id 570: Fetch accession CSV
2022-04-19 15:50:33,861 DEBUG:	Sleeping for 0.0s.
2022-04-19 15:50:33,865 INFO:	Reading taxon information from /app/data/microfetch.csv
2022-04-19 15:50:33,866 DEBUG:	Checking header integrity of /app/data/microfetch.csv
2022-04-19 15:50:33,867 DEBUG:	Headers: taxon_id, last_checked, last_run_status, needs_attention, stage, stage_name, priority, generated_warning, checkpoint_time
2022-04-19 15:50:33,869 DEBUG:	Headers okay. Loading content.
2022-04-19 15:50:33,883 INFO:	Processing taxon id 570: Filter accession numbers
2022-04-19 15:50:33,899 DEBUG:	Sleeping for 0.0s.
2022-04-19 15:50:33,905 INFO:	Reading taxon information from /app/data/microfetch.csv
2022-04-19 15:50:33,906 DEBUG:	Checking header integrity of /app/data/microfetch.csv
2022-04-19 15:50:33,907 DEBUG:	Headers: taxon_id, last_checked, last_run_status, needs_attention, stage, stage_name, priority, generated_warning, checkpoint_time
2022-04-19 15:50:33,908 DEBUG:	Headers okay. Loading content.
2022-04-19 15:50:33,918 INFO:	Processing taxon id 570: Create droplet farm
2022-04-19 15:50:33,935 DEBUG:	Sleeping for 0.0s.
2022-04-19 15:50:33,944 INFO:	Reading taxon information from /app/data/microfetch.csv
2022-04-19 15:50:33,945 DEBUG:	Checking header integrity of /app/data/microfetch.csv
2022-04-19 15:50:33,946 DEBUG:	Headers: taxon_id, last_checked, last_run_status, needs_attention, stage, stage_name, priority, generated_warning, checkpoint_time
2022-04-19 15:50:33,948 DEBUG:	Headers okay. Loading content.
2022-04-19 15:50:33,958 INFO:	Processing taxon id 570: Fetch accession CSV
